[2025-02-13 22:08:36] local.ERROR: Uncaught ReflectionException: Class "App\Policies\CustomerPolicy" does not exist in Command line code:1
Stack trace:
#0 Command line code(1): ReflectionClass->__construct('App\\Policies\\Cu...')
#1 [internal function]: {closure}('App\\Policies\\Cu...', 'App\\Models\\Cust...')
#2 Command line code(1): array_map(Object(Closure), Array, Array)
#3 {main}
  thrown {"exception":"[object] (Symfony\\Component\\ErrorHandler\\Error\\FatalError(code: 0): Uncaught ReflectionException: Class \"App\\Policies\\CustomerPolicy\" does not exist in Command line code:1
Stack trace:
#0 Command line code(1): ReflectionClass->__construct('App\\\\Policies\\\\Cu...')
#1 [internal function]: {closure}('App\\\\Policies\\\\Cu...', 'App\\\\Models\\\\Cust...')
#2 Command line code(1): array_map(Object(Closure), Array, Array)
#3 {main}
  thrown at Command line code:1)
[stacktrace]
#0 {main}
"} 
[2025-02-13 22:09:36] local.ERROR: Uncaught ReflectionException: Class "App\Policies\CustomerPolicy" does not exist in Command line code:1
Stack trace:
#0 Command line code(1): ReflectionClass->__construct('App\\Policies\\Cu...')
#1 [internal function]: {closure}('App\\Policies\\Cu...', 'App\\Models\\Cust...')
#2 Command line code(1): array_map(Object(Closure), Array, Array)
#3 {main}
  thrown {"exception":"[object] (Symfony\\Component\\ErrorHandler\\Error\\FatalError(code: 0): Uncaught ReflectionException: Class \"App\\Policies\\CustomerPolicy\" does not exist in Command line code:1
Stack trace:
#0 Command line code(1): ReflectionClass->__construct('App\\\\Policies\\\\Cu...')
#1 [internal function]: {closure}('App\\\\Policies\\\\Cu...', 'App\\\\Models\\\\Cust...')
#2 Command line code(1): array_map(Object(Closure), Array, Array)
#3 {main}
  thrown at Command line code:1)
[stacktrace]
#0 {main}
"} 
[2025-02-13 22:10:36] local.ERROR: Uncaught ReflectionException: Class "App\Policies\CustomerPolicy" does not exist in Command line code:1
Stack trace:
#0 Command line code(1): ReflectionClass->__construct('App\\Policies\\Cu...')
#1 [internal function]: {closure}('App\\Policies\\Cu...', 'App\\Models\\Cust...')
#2 Command line code(1): array_map(Object(Closure), Array, Array)
#3 {main}
  thrown {"exception":"[object] (Symfony\\Component\\ErrorHandler\\Error\\FatalError(code: 0): Uncaught ReflectionException: Class \"App\\Policies\\CustomerPolicy\" does not exist in Command line code:1
Stack trace:
#0 Command line code(1): ReflectionClass->__construct('App\\\\Policies\\\\Cu...')
#1 [internal function]: {closure}('App\\\\Policies\\\\Cu...', 'App\\\\Models\\\\Cust...')
#2 Command line code(1): array_map(Object(Closure), Array, Array)
#3 {main}
  thrown at Command line code:1)
[stacktrace]
#0 {main}
"} 
[2025-02-13 22:11:36] local.ERROR: Uncaught ReflectionException: Class "App\Policies\CustomerPolicy" does not exist in Command line code:1
Stack trace:
#0 Command line code(1): ReflectionClass->__construct('App\\Policies\\Cu...')
#1 [internal function]: {closure}('App\\Policies\\Cu...', 'App\\Models\\Cust...')
#2 Command line code(1): array_map(Object(Closure), Array, Array)
#3 {main}
  thrown {"exception":"[object] (Symfony\\Component\\ErrorHandler\\Error\\FatalError(code: 0): Uncaught ReflectionException: Class \"App\\Policies\\CustomerPolicy\" does not exist in Command line code:1
Stack trace:
#0 Command line code(1): ReflectionClass->__construct('App\\\\Policies\\\\Cu...')
#1 [internal function]: {closure}('App\\\\Policies\\\\Cu...', 'App\\\\Models\\\\Cust...')
#2 Command line code(1): array_map(Object(Closure), Array, Array)
#3 {main}
  thrown at Command line code:1)
[stacktrace]
#0 {main}
"} 
[2025-02-13 22:12:36] local.ERROR: Uncaught ReflectionException: Class "App\Policies\CustomerPolicy" does not exist in Command line code:1
Stack trace:
#0 Command line code(1): ReflectionClass->__construct('App\\Policies\\Cu...')
#1 [internal function]: {closure}('App\\Policies\\Cu...', 'App\\Models\\Cust...')
#2 Command line code(1): array_map(Object(Closure), Array, Array)
#3 {main}
  thrown {"exception":"[object] (Symfony\\Component\\ErrorHandler\\Error\\FatalError(code: 0): Uncaught ReflectionException: Class \"App\\Policies\\CustomerPolicy\" does not exist in Command line code:1
Stack trace:
#0 Command line code(1): ReflectionClass->__construct('App\\\\Policies\\\\Cu...')
#1 [internal function]: {closure}('App\\\\Policies\\\\Cu...', 'App\\\\Models\\\\Cust...')
#2 Command line code(1): array_map(Object(Closure), Array, Array)
#3 {main}
  thrown at Command line code:1)
[stacktrace]
#0 {main}
"} 
[2025-02-13 22:13:36] local.ERROR: Uncaught ReflectionException: Class "App\Policies\CustomerPolicy" does not exist in Command line code:1
Stack trace:
#0 Command line code(1): ReflectionClass->__construct('App\\Policies\\Cu...')
#1 [internal function]: {closure}('App\\Policies\\Cu...', 'App\\Models\\Cust...')
#2 Command line code(1): array_map(Object(Closure), Array, Array)
#3 {main}
  thrown {"exception":"[object] (Symfony\\Component\\ErrorHandler\\Error\\FatalError(code: 0): Uncaught ReflectionException: Class \"App\\Policies\\CustomerPolicy\" does not exist in Command line code:1
Stack trace:
#0 Command line code(1): ReflectionClass->__construct('App\\\\Policies\\\\Cu...')
#1 [internal function]: {closure}('App\\\\Policies\\\\Cu...', 'App\\\\Models\\\\Cust...')
#2 Command line code(1): array_map(Object(Closure), Array, Array)
#3 {main}
  thrown at Command line code:1)
[stacktrace]
#0 {main}
"} 
